This is pdfTeX, Version 3.1415926-2.3-1.40.12 (TeX Live 2011) (format=latex 2011.7.3)  10 JAN 2014 19:21
entering extended mode
 restricted \write18 enabled.
 %&-line parsing enabled.
**report
(./report.tex
LaTeX2e <2009/09/24>
Babel <v3.8l> and hyphenation patterns for english, dumylang, nohyphenation, ge
rman-x-2009-06-19, ngerman-x-2009-06-19, afrikaans, ancientgreek, ibycus, arabi
c, armenian, basque, bulgarian, catalan, pinyin, coptic, croatian, czech, danis
h, dutch, ukenglish, usenglishmax, esperanto, estonian, ethiopic, farsi, finnis
h, french, galician, german, ngerman, swissgerman, monogreek, greek, hungarian,
 icelandic, assamese, bengali, gujarati, hindi, kannada, malayalam, marathi, or
iya, panjabi, tamil, telugu, indonesian, interlingua, irish, italian, kurmanji,
 lao, latin, latvian, lithuanian, mongolian, mongolianlmc, bokmal, nynorsk, pol
ish, portuguese, romanian, russian, sanskrit, serbian, serbianc, slovak, sloven
ian, spanish, swedish, turkish, turkmen, ukrainian, uppersorbian, welsh, loaded
.
(./sigplanconf.cls
Document Class: sigplanconf 2009/09/30 v2.3 ACM SIGPLAN Proceedings
\@numheaddepth=\count79
(/usr/local/texlive/2011/texmf-dist/tex/latex/base/article.cls
Document Class: article 2007/10/19 v1.4h Standard LaTeX document class
(/usr/local/texlive/2011/texmf-dist/tex/latex/base/size11.clo
File: size11.clo 2007/10/19 v1.4h Standard LaTeX file (size option)
)
\c@part=\count80
\c@section=\count81
\c@subsection=\count82
\c@subsubsection=\count83
\c@paragraph=\count84
\c@subparagraph=\count85
\c@figure=\count86
\c@table=\count87
\abovecaptionskip=\skip41
\belowcaptionskip=\skip42
\bibindent=\dimen102
)
\standardtextwidth=\dimen103
\standardvspace=\skip43

Using natbib package with 'authoryear' citation style.
(/usr/local/texlive/2011/texmf-dist/tex/latex/natbib/natbib.sty
Package: natbib 2010/09/13 8.31b (PWD, AO)
\bibhang=\skip44
\bibsep=\skip45
LaTeX Info: Redefining \cite on input line 694.
\c@NAT@ctr=\count88
)
\@sectionaboveskip=\skip46
\@sectionbelowskip=\skip47
\@subsectionaboveskip=\skip48
\@subsectionbelowskip=\skip49
\@paragraphaboveskip=\skip50
\@authorcount=\count89
\@titlenotecount=\count90
\@titlenotetext=\toks14
\@fnmark=\toks15
\@authori=\count91
\@measbox=\box26
)
(/usr/local/texlive/2011/texmf-dist/tex/latex/amsmath/amsmath.sty
Package: amsmath 2000/07/18 v2.13 AMS math features
\@mathmargin=\skip51

For additional information on amsmath, use the `?' option.
(/usr/local/texlive/2011/texmf-dist/tex/latex/amsmath/amstext.sty
Package: amstext 2000/06/29 v2.01

(/usr/local/texlive/2011/texmf-dist/tex/latex/amsmath/amsgen.sty
File: amsgen.sty 1999/11/30 v2.0
\@emptytoks=\toks16
\ex@=\dimen104
))
(/usr/local/texlive/2011/texmf-dist/tex/latex/amsmath/amsbsy.sty
Package: amsbsy 1999/11/29 v1.2d
\pmbraise@=\dimen105
)
(/usr/local/texlive/2011/texmf-dist/tex/latex/amsmath/amsopn.sty
Package: amsopn 1999/12/14 v2.01 operator names
)
\inf@bad=\count92
LaTeX Info: Redefining \frac on input line 211.
\uproot@=\count93
\leftroot@=\count94
LaTeX Info: Redefining \overline on input line 307.
\classnum@=\count95
\DOTSCASE@=\count96
LaTeX Info: Redefining \ldots on input line 379.
LaTeX Info: Redefining \dots on input line 382.
LaTeX Info: Redefining \cdots on input line 467.
\Mathstrutbox@=\box27
\strutbox@=\box28
\big@size=\dimen106
LaTeX Font Info:    Redeclaring font encoding OML on input line 567.
LaTeX Font Info:    Redeclaring font encoding OMS on input line 568.
\macc@depth=\count97
\c@MaxMatrixCols=\count98
\dotsspace@=\muskip10
\c@parentequation=\count99
\dspbrk@lvl=\count100
\tag@help=\toks17
\row@=\count101
\column@=\count102
\maxfields@=\count103
\andhelp@=\toks18
\eqnshift@=\dimen107
\alignsep@=\dimen108
\tagshift@=\dimen109
\tagwidth@=\dimen110
\totwidth@=\dimen111
\lineht@=\dimen112
\@envbody=\toks19
\multlinegap=\skip52
\multlinetaggap=\skip53
\mathdisplay@stack=\toks20
LaTeX Info: Redefining \[ on input line 2666.
LaTeX Info: Redefining \] on input line 2667.
)
(/usr/local/texlive/2011/texmf-dist/tex/latex/listings/listings.sty
(/usr/local/texlive/2011/texmf-dist/tex/latex/graphics/keyval.sty
Package: keyval 1999/03/16 v1.13 key=value parser (DPC)
\KV@toks@=\toks21
)
\lst@mode=\count104
\lst@gtempboxa=\box29
\lst@token=\toks22
\lst@length=\count105
\lst@currlwidth=\dimen113
\lst@column=\count106
\lst@pos=\count107
\lst@lostspace=\dimen114
\lst@width=\dimen115
\lst@newlines=\count108
\lst@lineno=\count109
\lst@maxwidth=\dimen116

(/usr/local/texlive/2011/texmf-dist/tex/latex/listings/lstmisc.sty
File: lstmisc.sty 2007/02/22 1.4 (Carsten Heinz)
\c@lstnumber=\count110
\lst@skipnumbers=\count111
\lst@framebox=\box30
)
(/usr/local/texlive/2011/texmf-dist/tex/latex/listings/listings.cfg
File: listings.cfg 2007/02/22 1.4 listings configuration
))
Package: listings 2007/02/22 1.4 (Carsten Heinz)

(./report.aux)
\openout1 = `report.aux'.

LaTeX Font Info:    Checking defaults for OML/cmm/m/it on input line 6.
LaTeX Font Info:    ... okay on input line 6.
LaTeX Font Info:    Checking defaults for T1/cmr/m/n on input line 6.
LaTeX Font Info:    ... okay on input line 6.
LaTeX Font Info:    Checking defaults for OT1/cmr/m/n on input line 6.
LaTeX Font Info:    ... okay on input line 6.
LaTeX Font Info:    Checking defaults for OMS/cmsy/m/n on input line 6.
LaTeX Font Info:    ... okay on input line 6.
LaTeX Font Info:    Checking defaults for OMX/cmex/m/n on input line 6.
LaTeX Font Info:    ... okay on input line 6.
LaTeX Font Info:    Checking defaults for U/cmr/m/n on input line 6.
LaTeX Font Info:    ... okay on input line 6.
LaTeX Font Info:    Try loading font information for OT1+ptm on input line 6.
 (/usr/local/texlive/2011/texmf-dist/tex/latex/psnfss/ot1ptm.fd
File: ot1ptm.fd 2001/06/04 font definitions for OT1/ptm.
)
\c@lstlisting=\count112

(./tool-listings.tex)
LaTeX Font Info:    Font shape `OT1/ptm/bx/n' in size <17.28> not available
(Font)              Font shape `OT1/ptm/b/n' tried instead on input line 16.
LaTeX Font Info:    Font shape `OT1/ptm/bx/n' in size <12> not available
(Font)              Font shape `OT1/ptm/b/n' tried instead on input line 18.
 (./introduction.tex) (./examples.tex
LaTeX Font Info:    Try loading font information for OMS+cmss on input line 5.
LaTeX Font Info:    No file OMScmss.fd. on input line 5.


LaTeX Font Warning: Font shape `OMS/cmss/m/n' undefined
(Font)              using `OMS/cmsy/m/n' instead
(Font)              for symbol `textbraceleft' on input line 5.

LaTeX Font Info:    Try loading font information for OML+cmss on input line 7.
LaTeX Font Info:    No file OMLcmss.fd. on input line 7.

LaTeX Font Warning: Font shape `OML/cmss/m/n' undefined
(Font)              using `OML/cmm/m/it' instead
(Font)              for symbol `textless' on input line 7.


Overfull \hbox (30.18832pt too wide) in paragraph at lines 113--113
[]\OT1/cmtt/m/n/10.95 define i32 @Fact$computeFactorial(%struct.Fact*[] 
 []

[1


]
Overfull \hbox (24.43964pt too wide) in paragraph at lines 113--113
[]    \OT1/cmtt/m/n/10.95 ; solve short-circuiting with PHI function[] 
 []


Overfull \hbox (18.69095pt too wide) in paragraph at lines 113--113
[]    \OT1/cmtt/m/n/10.95 ; that decides which value to give to %13[] 
 []


Overfull \hbox (12.94226pt too wide) in paragraph at lines 113--113
[]    \OT1/cmtt/m/n/10.95 ; based on the branch we are coming from[] 
 []


Overfull \hbox (7.19357pt too wide) in paragraph at lines 113--113
[]    \OT1/cmtt/m/n/10.95 %13 = phi i1 [ true, %5 ], [ %10, %11 ][] 
 []


Overfull \hbox (1.44489pt too wide) in paragraph at lines 113--113
[]    \OT1/cmtt/m/n/10.95 store i32 %16, i32* %num\_aux, align 4[] 
 []


Overfull \hbox (12.94226pt too wide) in paragraph at lines 113--113
[]    \OT1/cmtt/m/n/10.95 store %struct.Fact* %this,%struct.Fact**[] 
 []


Overfull \hbox (1.44489pt too wide) in paragraph at lines 113--113
[]    \OT1/cmtt/m/n/10.95 %20 = load %struct.Fact** %19, align 8[] 
 []


Overfull \hbox (12.94226pt too wide) in paragraph at lines 113--113
[]        \OT1/cmtt/m/n/10.95 %struct.Fact$vtable* %26,i32 0,i32 0[] 
 []


Underfull \vbox (badness 10000) has occurred while \output is active []


Overfull \hbox (1.44489pt too wide) in paragraph at lines 113--113
[]    \OT1/cmtt/m/n/10.95 store i32 %30, i32* %num\_aux, align 4[] 
 []

) (./implementation.tex
LaTeX Font Info:    Font shape `OT1/ptm/bx/n' in size <10.95> not available
(Font)              Font shape `OT1/ptm/b/n' tried instead on input line 1.

Underfull \hbox (badness 1082) in paragraph at lines 6--7
[]\OT1/ptm/m/n/10.95 Finally dec-la-ra-tions of C stan-dard li-brary func-
 []

LaTeX Font Info:    Try loading font information for OML+ptm on input line 13.
(/usr/local/texlive/2011/texmf-dist/tex/latex/psnfss/omlptm.fd
File: omlptm.fd 
)
LaTeX Font Info:    Font shape `OML/ptm/m/n' in size <10.95> not available
(Font)              Font shape `OML/cmm/m/it' tried instead on input line 13.

Underfull \vbox (badness 10000) has occurred while \output is active []

 [2]

LaTeX Font Warning: Font shape `OT1/cmss/m/it' in size <10> not available
(Font)              Font shape `OT1/cmss/m/sl' tried instead on input line 37.


Underfull \hbox (badness 1552) in paragraph at lines 84--85
[]\OT1/ptm/m/n/10.95 Therefore $\OML/cmm/m/it/10.95 D\OT1/cmr/m/n/10.95 $\OML/c
mm/m/it/10.95 vtable$ \OT1/ptm/m/n/10.95 will con-tains first func-tion
 []


Overfull \hbox (9.25616pt too wide) in paragraph at lines 84--85
\OT1/ptm/m/n/10.95 struc-ture. For ex-am-ple a code like $\OML/cmm/m/it/10.95 C
c \OT1/cmr/m/n/10.95 = \OML/cmm/m/it/10.95 newD\OT1/cmr/m/n/10.95 (); \OML/cmm/
m/it/10.95 c:m\OT1/cmr/m/n/10.95 1()$
 []


Underfull \hbox (badness 1014) in paragraph at lines 86--87
[]\OT1/ptm/m/n/10.95 The global vari-able $\OML/cmm/m/it/10.95 D\OT1/cmr/m/n/10
.95 $\OML/cmm/m/it/10.95 gvtable$ \OT1/ptm/m/n/10.95 will be of type
 []

[3]) (./extensions.tex) [4] (./report.aux)

LaTeX Font Warning: Some font shapes were not available, defaults substituted.

 ) 
Here is how much of TeX's memory you used:
 2740 strings out of 493634
 35536 string characters out of 3143401
 112217 words of memory out of 3000000
 6046 multiletter control sequences out of 15000+200000
 14082 words of font info for 43 fonts, out of 3000000 for 9000
 831 hyphenation exceptions out of 8191
 31i,4n,40p,790b,1215s stack positions out of 5000i,500n,10000p,200000b,50000s

Output written on report.dvi (4 pages, 22044 bytes).
